==================================================
SESSION 27: API SECURITY AUDIT LOG
==================================================
1. BOLA (ID SWAP) EXPLOITATION
* Targeted User ID: 102
* Private Information Leaked: {"email":"boss@titan.com","name":"CISO",
  "role":"Admin","secret":"TITAN_MASTER_KEY_2026"}

2. BUSINESS LOGIC EXPLOITATION (DISCOUNT HUNTER)
* Hidden Discount Code Discovered: 9912
* Method Used: I tested POST requests to /api/v1/checkout with
  discount_code values from 9900 to 9999 one by one. Code 9912
  returned "100% OFF" and total "$0.00" which confirmed it as
  the valid discount code.

3. REMEDIATION RECOMMENDATION
* How would you fix the BOLA vulnerability?
Answer: Check that the logged in user is only able to access
their own profile. The API should verify the user ID in the
request matches the logged in user before returning any data.

* How would you fix the Brute-Force vulnerability?
Answer: Add a rate limit so the API blocks repeated requests
after a few failed attempts. This would stop someone from
trying hundreds of codes in a row.
==================================================
